Test case 1:
yes
Initial state:
..#%%#
......
......
......
..*...
......
......
@%...#

Step 1: Apply gravity DirRight
..#%%#
......
......
......
..*...
......
......
...@%#

Step 2: Apply gravity DirDown
..#..#
......
......
......
..*...
......
...%%.
...@%#

Step 3: Apply gravity DirRight
..#..#
......
......
......
..*...
......
....%%
...@%#

Step 4: Apply gravity DirUp
..#@%#
....%%
......
......
..*...
......
......
.....#

Step 5: Apply gravity DirLeft
..#@%#
%%....
......
......
..*...
......
......
.....#

Step 6: Apply gravity DirDown
..#..#
......
......
......
..*...
......
......
%%.@%#

Step 7: Apply gravity DirLeft
..#..#
......
......
......
..*...
......
......
%%@%.#

Step 8: Apply gravity DirUp
..#..#
......
......
......
..*...
......
......
%%@%.#

Won!
Test case 2:
yes
Initial state:
......##
......%@
......%@
..*...%#
.#......
........

Step 1: Apply gravity DirDown
......##
.......@
.......@
..*...%#
.#....%.
......%.

Step 2: Apply gravity DirRight
......##
.......@
.......@
..*...%#
.#.....%
.......%

Step 3: Apply gravity DirUp
......##
......%@
.......@
..*....#
.#.....%
.......%

Step 4: Apply gravity DirLeft
......##
%@......
@.......
..*....#
.#%.....
%.......

Step 5: Apply gravity DirDown
......##
........
........
%@*....#
@#......
%.%.....

Step 6: Apply gravity DirLeft
......##
........
........
%@*....#
@#......
%%......

Step 7: Apply gravity DirUp
%@....##
@.......
%.......
..*....#
.#......
.%......

Step 8: Apply gravity DirLeft
%@....##
@.......
%.......
..*....#
.#......
%.......

Step 9: Apply gravity DirDown
......##
........
%.......
@@*....#
%#......
%.......

Step 10: Apply gravity DirRight
......##
........
%.......
@@*....#
%#......
%.......

Won!
